make all --print-data-base --no-builtin-variables --no-builtin-rules --question
# GNU Make 4.3
# Built for x86_64-pc-linux-gnu
# Copyright (C) 1988-2020 Free Software Foundation, Inc.
# License GPLv3+: GNU GPL version 3 or later <http://gnu.org/licenses/gpl.html>
# This is free software: you are free to change and redistribute it.
# There is NO WARRANTY, to the extent permitted by law.

# Make data base, printed on Tue Mar 19 16:21:27 2024

# Variables

# environment
GDK_BACKEND = x11
# environment
LC_ALL = C
# environment
SSH_AGENT_LAUNCHER = gnome-keyring
# environment
GJS_DEBUG_OUTPUT = stderr
# makefile (from 'Makefile', line 19)
SRC_DIR = ./src/
# environment
VSCODE_CRASH_REPORTER_PROCESS_TYPE = extensionHost
# environment
VSCODE_CWD = /home/samoore
# environment
LIBVIRT_DEFAULT_URI = qemu:///system
# environment
GDM_LANG = en
# default
MAKE_COMMAND := make
# environment
QT_ACCESSIBILITY = 1
# automatic
@D = $(patsubst %/,%,$(dir $@))
# makefile (from 'Makefile', line 18)
OBJ_DIR = ./obj/
# environment
VSCODE_HANDLES_UNCAUGHT_ERRORS = true
# default
.VARIABLES := 
# environment
PWD = /home/samoore/fdf
# automatic
%D = $(patsubst %/,%,$(dir $%))
# environment
MAIL = samoore@student.42london.com
# environment
XDG_DATA_DIRS = /usr/share/ubuntu:/usr/share/gnome:/usr/local/share:/usr/share:/var/lib/snapd/desktop
# environment
OLDPWD = /home/samoore
# automatic
^D = $(patsubst %/,%,$(dir $^))
# automatic
%F = $(notdir $%)
# environment
VSCODE_CODE_CACHE_PATH = /home/samoore/.config/Code/CachedData/1e790d77f81672c49be070e04474901747115651
# environment
XDG_SESSION_PATH = /org/freedesktop/DisplayManager/Session0
# environment
LANG = C
# environment
XAUTHORITY = /home/samoore/.Xauthority
# default
.LOADED := 
# default
.INCLUDE_DIRS = /usr/local/include /usr/include /usr/include
# makefile
MAKEFLAGS = pqrR
# makefile
CURDIR := /home/samoore/fdf
# environment
APPLICATION_INSIGHTS_NO_DIAGNOSTIC_CHANNEL = 1
# automatic
*D = $(patsubst %/,%,$(dir $*))
# environment
MFLAGS = -pqrR
# environment
SSH_AUTH_SOCK = /run/user/101194/keyring/ssh
# default
.SHELLFLAGS := -c
# environment
XDG_CONFIG_DIRS = /etc/xdg/xdg-ubuntu:/etc/xdg
# automatic
+D = $(patsubst %/,%,$(dir $+))
# environment
XDG_SESSION_DESKTOP = ubuntu
# makefile (from 'Makefile', line 1)
MAKEFILE_LIST := Makefile
# automatic
@F = $(notdir $@)
# environment
VSCODE_PID = 24441
# environment
KRB5CCNAME = FILE:/tmp/krb5cc_101194_8Ce4ua
# environment
XDG_SESSION_TYPE = x11
# automatic
?D = $(patsubst %/,%,$(dir $?))
# makefile (from 'Makefile', line 23)
INCLUDES = -I/usr/include -Ilibraries 
# environment
SESSION_MANAGER = local/c2r4s4.42london.com:@/tmp/.ICE-unix/6976,unix/c2r4s4.42london.com:/tmp/.ICE-unix/6976
# automatic
*F = $(notdir $*)
# environment
CHROME_DESKTOP = code-url-handler.desktop
# environment
DBUS_SESSION_BUS_ADDRESS = unix:path=/run/user/101194/bus
# automatic
<D = $(patsubst %/,%,$(dir $<))
# environment
VSCODE_NLS_CONFIG = {"locale":"en-us","osLocale":"en","availableLanguages":{},"_languagePackSupport":true}
# default
MAKE_HOST := x86_64-pc-linux-gnu
# environment
GNOME_DESKTOP_SESSION_ID = this-is-deprecated
# makefile
SHELL = /bin/sh
# default
MAKECMDGOALS := all
# environment
XMODIFIERS = @im=ibus
# environment
GJS_DEBUG_TOPICS = JS ERROR;JS LOG
# environment
SHLVL = 0
# environment
MAKELEVEL := 0
# default
MAKE = $(MAKE_COMMAND)
# environment
PATH = /home/samoore/bin:/usr/local/sbin:/usr/local/bin:/usr/sbin:/usr/bin:/sbin:/bin:/usr/games:/usr/local/games:/snap/bin
# default
MAKEFILES := 
# environment
LANGUAGE = en
# automatic
^F = $(notdir $^)
# makefile (from 'Makefile', line 21)
MLX_FLAGS = -Llibraries -lmlx -L/usr/include -lXext -lX11 -lm -lft -I.
# makefile (from 'Makefile', line 20)
OBJ_FILES = $(patsubst %.c, $(OBJ_DIR)%.o, $(SRC_FILES))
# environment
INVOCATION_ID = ab6b0b65443948128bf7f43e8481b570
# environment
DOCKER_HOST = unix:///run/user/101194/docker.sock
# automatic
?F = $(notdir $?)
# makefile (from 'Makefile', line 25)
NAME = fdf
# environment
GTK_IM_MODULE = ibus
# environment
XDG_CURRENT_DESKTOP = Unity
# automatic
+F = $(notdir $+)
# environment
XDG_SEAT_PATH = /org/freedesktop/DisplayManager/Seat0
# environment
DESKTOP_SESSION = ubuntu
# environment
ORIGINAL_XDG_CURRENT_DESKTOP = ubuntu:GNOME
# 'override' directive
GNUMAKEFLAGS := 
# environment
LOGNAME = samoore
# makefile (from 'Makefile', line 22)
C_FLAGS = -g3 -gdwarf-3 -w -Wall -Werror -Wextra
# environment
GIO_LAUNCHED_DESKTOP_FILE = /usr/share/applications/code.desktop
# makefile
.DEFAULT_GOAL := all
# environment
SYSTEMD_EXEC_PID = 6995
# environment
DISPLAY = :0
# environment
USER = samoore
# environment
GTK_MODULES = gail:atk-bridge
# default
MAKE_VERSION := 4.3
# makefile (from 'Makefile', line 13)
SRC_FILES = fdf.c colour_scheme_1.c colour_scheme_2.c colour_utils.c gfx_lines.c gfx_rotate.c main_functions.c utils_momentum.c main.c init_banner.c init_edges.c init.c init_points_and_sphere.c init_projections.c init_read_file.c utils_split.c utils_keysym.c utils_kill.c utils_misc.c utils_mouse.c init_check_files.c init_check_utils.c
# environment
MANAGERPID = 6419
# environment
GIO_LAUNCHED_DESKTOP_FILE_PID = 24441
# environment
_ = /usr/share/code/code
# environment
XDG_RUNTIME_DIR = /run/user/101194
# environment
GPG_AGENT_INFO = /run/user/101194/gnupg/S.gpg-agent:0:1
# environment
JOURNAL_STREAM = 8:63133
# environment
XDG_SESSION_CLASS = user
# environment
VSCODE_AMD_ENTRYPOINT = vs/workbench/api/node/extensionHostProcess
# environment
HOME = /home/samoore
# environment
QT_IM_MODULE = ibus
# environment
ELECTRON_RUN_AS_NODE = 1
# environment
VSCODE_IPC_HOOK = /run/user/101194/vscode-b09c1acb-1.87-main.sock
# environment
FT_HOOK_PATHNAME = login-user.d
# default
.RECIPEPREFIX := 
# automatic
<F = $(notdir $<)
# default
SUFFIXES := 
# environment
FT_HOOK_NAME = login-user
# environment
XDG_GREETER_DATA_DIR = /var/lib/lightdm-data/samoore
# default
.FEATURES := target-specific order-only second-expansion else-if shortest-stem undefine oneshell nocomment grouped-target extra-prereqs archives jobserver output-sync check-symlink load
# makefile (from 'Makefile', line 26)
CC = cc
# environment
XDG_MENU_PREFIX = gnome-
# environment
GDMSESSION = ubuntu
# variable set hash-table stats:
# Load=109/1024=11%, Rehash=0, Collisions=3/153=2%

# Pattern-specific Variable Values

# No pattern-specific variable values.

# Directories

# src (device 2048, inode 8463808): 19 files, no impossibilities so far.
# . (device 2048, inode 4276355): 14 files, no impossibilities.

# 33 files, no impossibilities in 2 directories.

# Implicit Rules

obj/%.o: src/%.c
#  recipe to execute (from 'Makefile', line 34):
	mkdir -p $(OBJ_DIR)
	$(CC) $(C_FLAGS) -o $@ -c $< $(INCLUDES)

# 1 implicit rules, 0 (0.0%) terminal.
# Files

# Not a target:
obj/colour_scheme_2.o:
#  Implicit rule search has not been done.
#  Modification time never checked.
#  File has not been updated.

# Not a target:
obj/gfx_rotate.o:
#  Implicit rule search has not been done.
#  Modification time never checked.
#  File has not been updated.

# Not a target:
obj/init_points_and_sphere.o:
#  Implicit rule search has not been done.
#  Modification time never checked.
#  File has not been updated.

# Not a target:
obj/init_edges.o:
#  Implicit rule search has not been done.
#  Modification time never checked.
#  File has not been updated.

# Not a target:
obj/utils_kill.o:
#  Implicit rule search has not been done.
#  Modification time never checked.
#  File has not been updated.
 

# Not a target:
obj/main.o:
#  Implicit rule search has not been done.
#  Modification time never checked.
#  File has not been updated.

# Not a target:
obj/colour_utils.o:
#  Implicit rule search has not been done.
#  Modification time never checked.
#  File has not been updated.

# Not a target:
obj/utils_momentum.o:
#  Implicit rule search has not been done.
#  Modification time never checked.
#  File has not been updated.

# Not a target:
obj/init.o:
#  Implicit rule search has not been done.
#  Modification time never checked.
#  File has not been updated.

# Not a target:
obj/init_read_file.o:
#  Implicit rule search has not been done.
#  Modification time never checked.
#  File has not been updated.

# Not a target:
Makefile:
#  Implicit rule search has been done.
#  Last modified 2024-03-19 14:42:01.149724468
#  File has been updated.
#  Successfully updated.

# Not a target:
obj/utils_split.o:
#  Implicit rule search has not been done.
#  Modification time never checked.
#  File has not been updated.

obj/fdf.o: src/fdf.c
#  Implicit rule search has been done.
#  Implicit/static pattern stem: 'fdf'
#  Last modified 2024-03-19 16:18:30.324058773
#  File has been updated.
#  Needs to be updated (-q is set).
# automatic
# @ := obj/fdf.o
# automatic
# * := fdf
# automatic
# < := src/fdf.c
# automatic
# + := src/fdf.c
# automatic
# % := 
# automatic
# ^ := src/fdf.c
# automatic
# ? := src/fdf.c
# automatic
# | := 
# variable set hash-table stats:
# Load=8/32=25%, Rehash=0, Collisions=2/17=12%
#  recipe to execute (from 'Makefile', line 34):
	mkdir -p $(OBJ_DIR)
	$(CC) $(C_FLAGS) -o $@ -c $< $(INCLUDES)

# Not a target:
obj/init_projections.o:
#  Implicit rule search has not been done.
#  Modification time never checked.
#  File has not been updated.

clean:
#  Implicit rule search has not been done.
#  Modification time never checked.
#  File has not been updated.
#  recipe to execute (from 'Makefile', line 38):
	@rm -f $(OBJ_FILES)

# Not a target:
obj/init_check_files.o:
#  Implicit rule search has not been done.
#  Modification time never checked.
#  File has not been updated.

re: fclean all
#  Implicit rule search has not been done.
#  Modification time never checked.
#  File has not been updated.

# Not a target:
obj/utils_mouse.o:
#  Implicit rule search has not been done.
#  Modification time never checked.
#  File has not been updated.

# Not a target:
obj/init_banner.o:
#  Implicit rule search has not been done.
#  Modification time never checked.
#  File has not been updated.

fdf: obj/fdf.o obj/colour_scheme_1.o obj/colour_scheme_2.o obj/colour_utils.o obj/gfx_lines.o obj/gfx_rotate.o obj/main_functions.o obj/utils_momentum.o obj/main.o obj/init_banner.o obj/init_edges.o obj/init.o obj/init_points_and_sphere.o obj/init_projections.o obj/init_read_file.o obj/utils_split.o obj/utils_keysym.o obj/utils_kill.o obj/utils_misc.o obj/utils_mouse.o obj/init_check_files.o obj/init_check_utils.o
#  Implicit rule search has not been done.
#  Last modified 2024-03-19 16:18:31.000067488
#  File has been updated.
#  Needs to be updated (-q is set).
# variable set hash-table stats:
# Load=0/32=0%, Rehash=0, Collisions=0/7=0%
#  recipe to execute (from 'Makefile', line 31):
	$(CC) $(C_FLAGS) -o $@ $^ $(MLX_FLAGS)

# Not a target:
.DEFAULT:
#  Implicit rule search has not been done.
#  Modification time never checked.
#  File has not been updated.

all: fdf
#  Command line target.
#  Implicit rule search has been done.
#  File does not exist.
#  File has been updated.
#  Needs to be updated (-q is set).
# variable set hash-table stats:
# Load=0/32=0%, Rehash=0, Collisions=0/7=0%

fclean: clean
#  Implicit rule search has not been done.
#  Modification time never checked.
#  File has not been updated.
#  recipe to execute (from 'Makefile', line 41):
	rm -rf $(OBJ_DIR)

# Not a target:
obj/main_functions.o:
#  Implicit rule search has not been done.
#  Modification time never checked.
#  File has not been updated.

# Not a target:
src/fdf.c:
#  Implicit rule search has been done.
#  Last modified 2024-03-19 16:20:42.621772672
#  File has been updated.
#  Successfully updated.

# Not a target:
obj/init_check_utils.o:
#  Implicit rule search has not been done.
#  Modification time never checked.
#  File has not been updated.

# Not a target:
obj/utils_keysym.o:
#  Implicit rule search has not been done.
#  Modification time never checked.
#  File has not been updated.

# Not a target:
obj/gfx_lines.o:
#  Implicit rule search has not been done.
#  Modification time never checked.
#  File has not been updated.

# Not a target:
obj/colour_scheme_1.o:
#  Implicit rule search has not been done.
#  Modification time never checked.
#  File has not been updated.

# Not a target:
obj/utils_misc.o:
#  Implicit rule search has not been done.
#  Modification time never checked.
#  File has not been updated.

# files hash-table stats:
# Load=31/1024=3%, Rehash=0, Collisions=0/72=0%
# VPATH Search Paths

# No 'vpath' search paths.

# No general ('VPATH' variable) search path.

# strcache buffers: 1 (0) / strings = 64 / storage = 846 B / avg = 13 B
# current buf: size = 8162 B / used = 846 B / count = 64 / avg = 13 B

# strcache performance: lookups = 84 / hit rate = 23%
# hash-table stats:
# Load=64/8192=1%, Rehash=0, Collisions=0/84=0%
# Finished Make data base on Tue Mar 19 16:21:27 2024

 
